0
1
2
3
5
4
6
7
8
10
9
11
13
12
14
15
16
17
18
19
20
23
22
21
25
27
26
29
24
28
30
31
32
33
34
35
509
36
37
38
39
40
41
43
42
46
45
44
47
48
49
50
51
52
53
54
55
56
57
60
58
59
61
62
63
64
65
66
613
68
379
69
67
70
71
72
74
73
75
76
77
78
79
86
87
83
80
81
82
84
85
88
89
90
91
92
93
95
94
96
98
99
102
100
101
103
104
105
107
110
106
108
109
111
112
113
114
116
115
121
117
118
120
119
123
122
97
124
126
125
128
127
129
130
131
132
133
134
137
135
136
470
138
139
140
141
142
147
143
144
145
146
148
149
151
152
153
154
155
156
157
158
159
160
161
162
163
164
165
166
167
168
169
170
171
175
172
173
174
181
180
176
177
178
179
185
183
182
184
186
188
187
189
191
197
192
193
194
195
196
198
199
200
202
201
203
205
204
206
207
208
209
214
210
211
212
213
216
217
215
218
220
221
219
222
223
224
226
225
227
228
234
229
230
231
232
233
235
236
237
238
239
240
244
241
242
401
243
245
246
248
247
249
250
251
253
252
254
255
256
257
258
260
259
261
264
262
263
265
266
268
267
269
270
272
271
274
275
277
276
278
279
280
300
286
283
284
281
285
282
287
288
290
289
291
293
292
295
294
499
545
296
297
298
299
308
301
302
303
304
305
306
307
309
310
311
312
313
316
314
315
317
318
319
320
321
322
323
324
325
326
327
328
329
330
331
332
333
335
376
378
334
336
337
338
339
341
340
342
343
344
346
345
347
348
190
349
350
351
352
353
354
355
356
357
359
358
360
361
362
363
364
366
365
367
370
369
368
371
372
373
383
561
375
377
380
381
382
384
385
386
387
388
391
389
390
392
393
394
395
396
397
398
399
400
402
403
404
405
406
407
408
409
410
411
412
413
414
415
416
417
418
419
420
422
423
421
150
427
424
426
425
429
428
430
431
432
433
434
435
436
437
438
439
440
441
442
444
443
446
445
447
448
449
450
451
452
453
454
455
456
457
458
467
462
459
460
461
463
464
465
466
469
468
472
473
471
474
475
479
477
478
476
480
481
482
483
484
485
486
488
490
489
487
496
491
492
494
493
374
495
497
498
500
501
502
503
504
505
506
507
508
510
515
511
512
513
514
518
517
516
519
520
521
522
536
523
524
525
526
527
528
529
530
531
532
533
534
535
537
538
539
540
541
544
543
542
548
546
547
549
551
550
552
553
554
556
555
642
557
558
560
559
562
563
564
567
568
566
565
569
571
570
572
573
574
576
575
577
578
579
580
581
582
584
583
585
587
586
588
589
590
591
273
592
593
597
594
596
595
598
599
602
600
601
603
604
605
607
606
612
608
609
611
610
614
615
616
617
619
618
621
620
622
623
624
625
626
627
630
629
628
631
632
633
634
635
636
637
638
640
639
641
643
644
645
646
656
653
647
648
649
650
651
652
654
655
657
658
