ABS
ACCUMULATE
ACTION
ADD A C WRITTEN ROUTINE TO Q'NIAL
ADDRESS
ADDRESS RELATED OPERATIONS
ALGORITHM
ALLIN
AND
APPEND
APPENDFILE
APPLICATION TRANSFORMERS
APPLY
APPLYING RULES TO DATA
ARCCOS
ARCSIN
ARCTAN
ARGUMENT
ARITHMETIC OPERATION
ARRAY EXPRESSION
ASCII
ASSIGN
ASSIGN A VALUE TO A VARIABLE
ASSIGN EXPRESSION
ATLAS
ATOM
ATOMIC
ATTRIBUTE
AT-ALL
AT-PATH
AUTO.NLG
AVERAGE
AXES
BACKGROUND
BACKSLASH
BACKSPACE
BACKTR.NDF
BANNER
BEGIN
BENCHMK
BETWEEN
BINARY OPERATION
BINARY PERVASIVE
BINARY PERVASIVE
BINARY PREDICATE OPERATIONS
BITSTRING
BITSTRING CONSTANT
BITSTRINGS AND SETS
BLEND
BLINKING
BLOCK
BODY
BOLD
BOOLEAN
BOOLEAN CONSTANT
BORDER
BORDER
BOX THE ATOMS
BRACKET-COMMA
BREAK
BREAKIN
BREAKLIST
BUILD UP A LIST OF ITEMS
BYCOLS
BYE
BYKEY
BYROWS
BY-VARIABLE
CALCULATE TRIGONOMETRIC FUNCTIONS
CALCULATOR SIMULATION
CALL NIAL WITHOUT DISPLAYING THE BANNER
CALLC
CALLING BASIC
CALLSTACK
CALLTREE
CANONICAL FORM
CART
CARTESIAN
CASE
CAST
CATENATE
CEILING
CENTERTEXT
CHANGE THE BOX CHARACTERS
CHANGE THE MODE OF DISPLAY
CHAR
CHARACTER
CHARACTER CONSTANT
CHARREP
CHECKING INPUT DATA
CHECKPOINT
CHOOSE
CLEARLINE
CLEARPROFILE
CLEARSCREEN
CLEARTOEND
CLEARWINDOW
CLEARWS
CLEARWS.NWS
CLOSE
CODES FOR TOKENS IN A SCANNED TEXT
COLLATING SEQUENCE
COLOR
COLORCHK.NDF
COLORS
COLS
COLUMN
COMMENT
COMPARE TWO ATOMS
COMPARE TWO STRINGS
COMPARE.NDF
COMPARISON OPERATIONS
COMPOSITION
CONDITION
CONFORM
CONSTANT
CONSTRUCTION
CONTENT
CONTENTS OF STATLIB
CONTEXT SENSITIVE HELP
CONTINUE
CONTINUE.NWS
CONTROL TUPLE
CONTROL TUPLES
CONVERSE
CONVERSION OPERATIONS
CONVERTING DELIMITED FILES
COPYRIGHT
COS
COSH
COUNT
COUNTING CHARACTERS
CPU TIME TAKEN FOR SOME WORK
CREATE A CLOSED APPLICATION
CREATING DELIMITED FILES
CULL
CURRIED OPERATION
CURSOR
CUT
CUTALL
CUTTING TEXT TO FIT A SPECIFIC AREA
DATA REARRANGEMENT
DEBUGGING
DECLARATION
DECOR
DEEPPLACE
DEEPUPDATE
DEFAULT PROMPT
DEFAULT VALUES
DEFEDIT
DEFINE AN OPERATION
DEFINITION
DEFS.NDF
DELETEBY
DENOTE A BOOLEAN
DENOTE A FAULT
DENOTE A FLOATING POINT NUMBER
DENOTE A GRAPH
DENOTE A LIST
DENOTE A PHRASE OR WORD
DENOTE A REAL
DENOTE A STRING
DEPARSE
DESCAN
DIAGONAL
DIAGRAM
DIFFS
DIGIT
DIMENSIONS
DIRECT ACCESS
DISPLAY
DIVERSE
DIVIDE
DO
DRAGWINDOW
DROP
DROPFRONT
DROPINDEX
DROPRIGHT
EACH
EACH TRANSFORMERS
EACHALL
EACHBOTH
EACHLEFT
EACHRIGHT
EDIT
EDIT A LINE IN A WINDOW
EDITCMD
EDITWINDOW
EIGEN
ELSE
ELSEIF
EMPTY
EMPTY
END
ENDCASE
ENDFOR
ENDIF
ENDREPEAT
ENDWHILE
ENVIRON
EQUAL
EQUATIONS
ERASE
ERASERECORD
ESCAPE
EVAL
EVALUATION OPERATIONS
EXCEPT
EXCLAMATION
EXECUTE
EXIT
EXP
EXPLORATORY PROGRAM DEVELOPMENT
EXPRESSION
EXPRESSION SEQUENCE
EXPRS
EXTENT
EXTERNAL
EXTERNAL DECLARATION
FALSE
FAULT
FAULT
FAULT CONSTANT
FILELENGTH
FILENAMES
FILEPATH
FILES
FILESTATUS
FILETALLY
FILTER
FIND
FINDALL
FINDBY
FINDDEFS
FINDPATH.NDF
FINDSTRINGS
FIRST
FIXED LENGTH RECORDS
FLIP
FLOATING POINT
FLOOR
FOLD
FOR
FOREGROUND
FORK
FORMAL OPERATION PARAMETERS
FORMAT
FRAMES
FREE MEMORY BLOCKS
FREQUENCY
FREQUENCY DISTRIBUTION
FROM
FRONT
FUNCTION COMPOSITION
FUNCTIONAL STYLE OF PROGRAMMING
FUNCTIONS IN NIAL
FUSE
FUZZYEQ
GAGE
GCD
GETDEF
GETFILE
GETFILES
GETNAME
GETS
GETSCREENDATA
GETSYMS
GLOBAL ENVIRONMENT
GLOBAL VARIABLE
GRADE
GRADEUP
GRID
GRID
GT
GTE
HELP
HITCH
HOST
HOST INTERFACE OPERATIONS
IDENTIFIER
IDENTITY
IF
IN
INDEX
INDEX A LIST
INDEX A TABLE
INDEX AN ARRAY WITH SEVERAL LEVELS OF NESTING
INDEXED VARIABLE
INDEXING
INFIX
INITIAL SUBDIRECTORY
INNER
INNERPRODUCT
INPUT
INSERT
INSERTION
INTEGER
INTEGER CONSTANT
INTEGRATE F A B EPS
INTEGRATE F A B EPS
INTERACTION
INTERPRETER
INTERRUPT
INVERSE
IS
ISBOOLEAN
ISCHAR
ISFAULT
ISINTEGER
ISPHRASE
ISREAL
ISSTRING
ITEM
ITEM
ITERATE
ITERATION
JUXTAPOSITION
KEYPADFILE
KEYSTROKE
KEYWORD
LABELTABLE
LAMINATE
LARGEST BLOCK OF SPACE
LAST
LATENT
LEAF
LEAVES
LEVEL
LIBPATH
LIBRARY
LIKE
LINEAR ALGEBRA OPERATIONS
LINK
LIST
LIST
LITERAL
LN
LOAD
LOAD A DEFINITION FILE WHEN NIAL IS CALLED
LOAD A WORKSPACE WHEN NIAL IS CALLED
LOADDEFS
LOCAL DECLARATION
LOCAL ENVIRONMENT
LOCAL VARIABLE
LOCATION
LOG
LOGIC
LONGEST RECORD
LOOP EXPRESSIONS
LOWER
LT
LTE
MAILING LABELS
MAKE
MAKE AN EMPTY LIST
MANUAL.DOC
MAPBOX
MATCH
MATE
MATRIX
MAX
MEASUREMENT
MEDIAN
MENU PROCESSING
MIN
MINUS
MIX
MOD
MOLD
MONEY
MONOCHROME
MULTI PERVASIVE
MULTIVALENT
NADIR
NAME
NAME THE LATEST RESULT
NAMED OPERATION
NDF
NDX
NESTED DEFINITION
NIAL
NIAL NOTES
NIALHELP
NIALLIB
NIALROOT
NIALROOT (DOS)
NIALROOT (UNIX)
NO_EXPR
NO_OP
NO_TR
NO_VALUE
NONLOCAL DECLARATION
NOT
NOTATION
NOTIN
NULL
NULL
NUMERIC
NUMERIC TYPE HIERARCHY
NWS
OPEN
OPERATION
OPERATION EXPRESSION
OPERATION FORM
OPPOSITE
OPS
OR
OTHERLIB
OUTER
OUTPUT
OVERFLOW
PACK
PAIR
PAIR
PARAMETER
PARENTHESES
PARENTHESIZED EXPRESSION SEQUENCE
PARSE
PARTITION
PASS
PASTE
PATH
PERVASIVE
PHRASE
PHRASE
PHRASE CONSTANT
PHRASE DELIMITER
PI
PICK
PICTURE
PICTURE OPERATIONS
PLACE
PLACEALL
PLUS
POPUP
PORTABLE
POSITIONS
POST
POWER
PREDICATE
PREFIX
PRELATTICE OF ATOMS
PRIMARY EXPRESSION
PRIMARY SEQUENCE
PRINT
PRODUCT
PROFILE
PROFILETABLE
PROFILETREE
PROFILING
PROGRAM
PROMPT
PUTFILE
PUTSCREENDATA
PUTSTRINGS
QUADRUPLE
QUIET_FAULT
QUOTIENT
RAISE
RANDOM
RANK
REACH
READ
READ EQUATIONS
READARRAY
READCHAR
READCURSOR
READFIELD
READFILE
READRECORD
READSCREEN
REAL
REAL CONSTANT
RECIPROCAL
RECORD
RECORD LONGER THAN N CHARACTERS
RECOVER
RECURSION
REDUCE
REDUCECOLS
REDUCEROWS
REDUCTION AND ACCUMULATION TRANSFORMERS
REFLECT
REFRESH
REGEXP
REMARK
REMOVING BLANK RECORDS
REMOVING TABS
REMOVING TRAILING BLANKS
REPEAT
REPLACE
REPORT GENERATOR
REPRESENTATIVE ATOMS
RESERVED WORDS
RESHAPE
RESHAPING
REST
RESTART
RESTRUCTURING OF NESTING LEVELS
RESUME
REVERSE
ROLE
ROTATE
ROUND
ROWS
RUNNING TOTAL
SAVE
SCAN
SCOPE OF A VARIABLE
SCREENSIZE
SEARCHING
SECOND
SEE
SEED
SEEK
SEEPRIMCALLS
SEEUSERCALLS
SELECT
SELECTION
SELECTION EXPRESSIONS
SEMANTICS
SEMICOLON
SEPARATOR
SESSION RELATED EXPRESSION
SET
SETCURSOR
SETDEFTRACE
SETEDITKEY
SETFORMAT
SETHEIGHT
SETINTERRUPTS
SETLOGNAME
SETPROFILE
SETPROMPT
SETSCROLL
SETTRIGGER
SETWIDTH
SETWINDOW
SHAPE
SHIFTPAD
SHOWLOG
SHOWLOG
SIMPLE
SIMPLE
SIMPLE EXPRESSION
SIMPLEDB
SIN
SINGLE
SINH
SKETCH
SLICE
SLICE A TABLE
SOLITARY
SOLITARY
SOLVE
SORT
SORTUP
SPECIFY A WINDOW BORDER
SPLIT
SQRT
STACK
STACK OVERFLOW
STATUS
STEP
STRAND
STRING
STRING
STRING CONSTANT
STRING HANDLING
STRIPBLK
STRUCTURE PREDICATES
STRUCTURE RELATED OPERATIONS
SUBLIST
SUM
SWITCH SETTINGS
SYMBOL TABLE
SYMBOLS
SYNONYM
SYNTAX
SYSTEM
SYSTEM RELATED EXPRESSIONS
TABLE
TAG
TAKE
TAKERIGHT
TALLY
TAN
TANH
TEACH.NDF
TEAM
TELL
TEXT EDITOR
THE Q'NIAL HELP FACILITY
THEN
THIRD
TIME
TIMEIT
TIMES
TIMESTAMP
TOLOWER
TONUMBER
TOP LEVEL LOOP
TOPIC
TOPLEVEL
TOSTRING
TOUPPER
TOWORDS
TRANSFORM
TRANSFORMER
TRANSFORMER FORM
TRANSPOSE
TRANS.NDF
TREE
TREES.NDF
TRIPLE
TRS
TRUE
TUTORIAL.NDF
TWIG
TWIGS
TYPE
TYPE TESTING OPERATIONS
UNARY
UNARY PERVASIVE
UNDERLINED
UNEQUAL
UNITARRAY
UNTIL
UP
UPDATE
UPDATEALL
USEREDIT.NDF
USING TRANSFORMERS
VALENCE
VALUE
VARIABLE
VARIABLE LENGTH RECORDS
VARS
VERSION
WATCH
WATCHLIST
WHILE
WINDLOG
WINDOW
WITH
WORKSPACE
WORKSPACE VARIABLES
WRITE
WRITEARRAY
WRITECHARS
WRITEFIELD
WRITEFILE
WRITERECORD
WRITESCREEN
WSDUMP
WSSIZE
XREF.NDF
ZENITH
